<?xml version="1.0" encoding="utf-8"?><testsuites name="pytest tests"><testsuite name="pytest" errors="0" failures="0" skipped="0" tests="5" time="8.269" timestamp="2026-08-14T10:04:54.164972+00:00" hostname="agent-env-44798909-606c-4776-92ac-a6e131bbd1a0"><testcase classname="tests.test_iteration4.TestObservationPreviewSize" name="test_preview_min_256" time="0.497" /><testcase classname="tests.test_iteration4.TestSinglePairContract" name="test_single_pair_endpoint_still_works" time="0.337" /><testcase classname="tests.test_iteration4.TestSinglePairContract" name="test_existing_single_pair_persistence_075" time="0.205" /><testcase classname="tests.test_iteration4.TestCropUpscaleFallback" name="test_crop_min_256_any_event" time="3.196" /><testcase classname="tests.test_iteration4.TestTimeseriesDedupeAndPersistence" name="test_timeseries_fresh_run_yields_tracks" time="7.198" /></testsuite></testsuites>