<?xml version="1.0" encoding="utf-8"?><testsuites name="pytest tests"><testsuite name="pytest" errors="0" failures="0" skipped="2" tests="5" time="1.541" timestamp="2026-08-14T09:58:00.698803+00:00" hostname="agent-env-44798909-606c-4776-92ac-a6e131bbd1a0"><testcase classname="tests.test_iteration3.TestTimeseriesChangeDetection" name="test_timeseries_full_flow" time="0.337"><skipped type="pytest.skip" message="timeseries produced tracks=0, no ts events to validate persistence semantics. pair_details: [{'idx': 0, 'sensor': 'optical', 'polygons': 0, 'threshold': 1.2, 'before': 'S2A_MSIL2A_20240603T100031_N0510_R122_T32TQM_20240603T160552.SAFE', 'after': 'S2A_MSIL2A_20240603T100031_N0510_R122_T33TTG_20240603T160552.SAFE'}, {'idx': 1, 'sensor': 'optical', 'polygons': 0, 'threshold': 1.2, 'before': 'S2A_MSIL2A_20240603T100031_N0510_R122_T33TTG_20240603T160552.SAFE', 'after': 'S2B_MSIL2A_20240608T095549_N0510_R122_T32TQM_20240608T113339.SAFE'}, {'idx': 2, 'sensor': 'optical', 'polygons': 0, 'threshold': 1.2, 'before': 'S2B_MSIL2A_20240608T095549_N0510_R122_T32TQM_20240608T113339.SAFE', 'after': 'S2B_MSIL2A_20240608T095549_N0510_R122_T33TTG_20240608T113339.SAFE'}, {'idx': 3, 'sensor': 'optical', 'polygons': 0, 'threshold': 1.2, 'before': 'S2B_MSIL2A_20240608T095549_N0510_R122_T33TTG_20240608T113339.SAFE', 'after': 'S2B_MSIL2A_20240618T095549_N0510_R122_T32TQM_20240618T124428.SAFE'}]">/app/backend/tests/test_iteration3.py:107: timeseries produced tracks=0, no ts events to validate persistence semantics. pair_details: [{'idx': 0, 'sensor': 'optical', 'polygons': 0, 'threshold': 1.2, 'before': 'S2A_MSIL2A_20240603T100031_N0510_R122_T32TQM_20240603T160552.SAFE', 'after': 'S2A_MSIL2A_20240603T100031_N0510_R122_T33TTG_20240603T160552.SAFE'}, {'idx': 1, 'sensor': 'optical', 'polygons': 0, 'threshold': 1.2, 'before': 'S2A_MSIL2A_20240603T100031_N0510_R122_T33TTG_20240603T160552.SAFE', 'after': 'S2B_MSIL2A_20240608T095549_N0510_R122_T32TQM_20240608T113339.SAFE'}, {'idx': 2, 'sensor': 'optical', 'polygons': 0, 'threshold': 1.2, 'before': 'S2B_MSIL2A_20240608T095549_N0510_R122_T32TQM_20240608T113339.SAFE', 'after': 'S2B_MSIL2A_20240608T095549_N0510_R122_T33TTG_20240608T113339.SAFE'}, {'idx': 3, 'sensor': 'optical', 'polygons': 0, 'threshold': 1.2, 'before': 'S2B_MSIL2A_20240608T095549_N0510_R122_T33TTG_20240608T113339.SAFE', 'after': 'S2B_MSIL2A_20240618T095549_N0510_R122_T32TQM_20240618T124428.SAFE'}]</skipped></testcase><testcase classname="tests.test_iteration3.TestObservationPreview" name="test_preview_returns_png" time="0.424" /><testcase classname="tests.test_iteration3.TestTimeseriesChangeDetection" name="test_bad_crop_kind" time="0.052"><skipped type="pytest.skip" message="no changes to test bad kind against">/app/backend/tests/test_iteration3.py:145: no changes to test bad kind against</skipped></testcase><testcase classname="tests.test_iteration3.TestObservationPreview" name="test_preview_404_unknown" time="0.065" /><testcase classname="tests.test_iteration3.TestSinglePairRegression" name="test_existing_single_pair_events_have_075" time="0.557" /></testsuite></testsuites>