<?xml version="1.0" encoding="utf-8"?><testsuites name="pytest tests"><testsuite name="pytest" errors="0" failures="0" skipped="1" tests="7" time="3.589" timestamp="2026-08-14T09:15:55.040531+00:00" hostname="agent-env-44798909-606c-4776-92ac-a6e131bbd1a0"><testcase classname="tests.backend_test.TestStatus" name="test_status_live_mode" time="0.260" /><testcase classname="tests.backend_test.TestExistingChanges" name="test_aoi_changes_geojson" time="0.195" /><testcase classname="tests.backend_test.TestExistingChanges" name="test_change_detail" time="0.181" /><testcase classname="tests.backend_test.TestJobsDiagnostics" name="test_optical_and_sar_jobs_real_mode" time="0.071" /><testcase classname="tests.backend_test.TestLiveChangeDetection" name="test_optical_cd" time="0.001"><skipped type="pytest.skip" message="Set RUN_LIVE_CD=1 to run live change-detection (consumes CDSE quota)">/app/backend/tests/backend_test.py:149: Set RUN_LIVE_CD=1 to run live change-detection (consumes CDSE quota)</skipped></testcase><testcase classname="tests.backend_test.TestImagerySearch" name="test_search_returns_real_products" time="2.555" /><testcase classname="tests.backend_test.TestBriefingReport" name="test_report_html" time="0.132" /></testsuite></testsuites>